<?xml version="1.0" encoding="UTF-8"?>
<testsuite xmlns:xsi="http://www.w3.org/2001/XMLSchema-instance" xsi:noNamespaceSchemaLocation="https://maven.apache.org/surefire/maven-surefire-plugin/xsd/surefire-test-report-3.0.xsd" version="3.0" name="flowerstore.FlowerTest" time="0.05" tests="4" errors="0" skipped="0" failures="0">
  <properties>
[...]
</properties>
  <testcase name="getFlowerType" classname="flowerstore.FlowerTest" time="0.026"/>
  <testcase name="getSepalLength" classname="flowerstore.FlowerTest" time="0.001"/>
  <testcase name="getColor" classname="flowerstore.FlowerTest" time="0.001"/>
  <testcase name="getPrice" classname="flowerstore.FlowerTest" time="0.001"/>
</testsuite>